Preparing function...
.done.
Updating function (may take a while)...
[Build].................................................................................................................................................................................................................................................................................................................................................................................................................................................................................done
[Service]...............................................................................................................warning
Completed with warnings:
  [INFO] A new revision will be deployed serving with 100% traffic.
You can view your function in the Cloud Console here: https://console.cloud.google.com/functions/details/us-central1/sales-intelligence-engine?project=operaciones-br

buildConfig:
  automaticUpdatePolicy: {}
  build: projects/789640198008/locations/us-central1/builds/df028866-3a42-499d-984f-bc6dd0619f96
  dockerRegistry: ARTIFACT_REGISTRY
  dockerRepository: projects/operaciones-br/locations/us-central1/repositories/gcf-artifacts
  entryPoint: sales_intelligence_engine
  runtime: python311
  serviceAccount: projects/operaciones-br/serviceAccounts/789640198008-compute@developer.gserviceaccount.com
  source:
    storageSource:
      bucket: gcf-v2-sources-789640198008-us-central1
      generation: '1770225610876180'
      object: sales-intelligence-engine/function-source.zip
  sourceProvenance:
    resolvedStorageSource:
      bucket: gcf-v2-sources-789640198008-us-central1
      generation: '1770225610876180'
      object: sales-intelligence-engine/function-source.zip
createTime: '2026-02-04T14:44:11.785128004Z'
environment: GEN_2
labels:
  deployment-tool: cli-gcloud
name: projects/operaciones-br/locations/us-central1/functions/sales-intelligence-engine
satisfiesPzi: true
serviceConfig:
  allTrafficOnLatestRevision: true
  availableCpu: '1'
  availableMemory: 2G
  environmentVariables:
    LOG_EXECUTION_ID: 'true'
    PYTHONUNBUFFERED: '1'
  ingressSettings: ALLOW_ALL
  maxInstanceCount: 10
  maxInstanceRequestConcurrency: 1
  revision: sales-intelligence-engine-00011-giv
  service: projects/operaciones-br/locations/us-central1/services/sales-intelligence-engine
  serviceAccountEmail: 789640198008-compute@developer.gserviceaccount.com
  timeoutSeconds: 540
  uri: https://sales-intelligence-engine-j7loux7yta-uc.a.run.app
state: ACTIVE
updateTime: '2026-02-04T17:21:06.044902499Z'
url: https://us-central1-operaciones-br.cloudfunctions.net/sales-intelligence-engine
